<?xml version="1.0" encoding="UTF-8"?>
<!-- Generated by org.testng.reporters.JUnitXMLReporter -->
<testsuite ignored="0" hostname="DESKTOP-MCMAE2L" failures="1" tests="4" name="Test" time="38.769" errors="0" timestamp="2021-05-10T20:53:01 EDT">
  <testcase classname="myTests.baseTestClass" name="InValidLogin" time="0.997">
    <failure type="java.lang.AssertionError" message="Message Provided not matched with the Actual Result expected [true] but found [false]">
      <![CDATA[java.lang.AssertionError: Message Provided not matched with the Actual Result expected [true] but found [false]
at com.mypages.base.verifyMessagePrompted(base.java:84)
at myTests.baseTestClass.InValidLogin(baseTestClass.java:89)
at java.base/java.util.ArrayList.forEach(ArrayList.java:1541)
... Removed 30 stack frames]]>
    </failure>
  </testcase> <!-- InValidLogin -->
  <testcase classname="myTests.baseTestClass" name="ValidLogin" time="11.295"/>
  <testcase classname="myTests.baseTestClass" name="VerifyElementsPresentInLoginPage" time="0.353"/>
  <testcase classname="myTests.baseTestClass" name="verifySearchResults" time="3.835"/>
</testsuite> <!-- Test -->
