<?xml version="1.0" encoding="UTF-8"?>
<testng-results ignored="0" total="4" passed="3" failed="1" skipped="0">
  <reporter-output>
  </reporter-output>
  <suite started-at="2021-05-10T20:52:23 EDT" name="Suite" finished-at="2021-05-10T20:53:01 EDT" duration-ms="38769">
    <groups>
    </groups>
    <test started-at="2021-05-10T20:52:23 EDT" name="Test" finished-at="2021-05-10T20:53:01 EDT" duration-ms="38769">
      <class name="myTests.baseTestClass">
        <test-method is-config="true" signature="sample()[pri:0, instance:myTests.baseTestClass@5ef5c734]" started-at="2021-05-10T20:52:23 EDT" name="sample" finished-at="2021-05-10T20:52:33 EDT" duration-ms="10029" status="PASS">
          <reporter-output>
          </reporter-output>
        </test-method> <!-- sample -->
        <test-method signature="InValidLogin(java.lang.String, java.lang.String)[pri:0, instance:myTests.baseTestClass@5ef5c734]" started-at="2021-05-10T20:52:33 EDT" name="InValidLogin" data-provider="inValidLoginCredentials" finished-at="2021-05-10T20:52:34 EDT" duration-ms="997" status="FAIL">
          <params>
            <param index="0">
              <value>
                <![CDATA[Test13232]]>
              </value>
            </param>
            <param index="1">
              <value>
                <![CDATA[MUCT-air0tuss3sars]]>
              </value>
            </param>
          </params>
          <exception class="java.lang.AssertionError">
            <message>
              <![CDATA[Message Provided not matched with the Actual Result expected [true] but found [false]]]>
            </message>
            <full-stacktrace>
              <![CDATA[java.lang.AssertionError: Message Provided not matched with the Actual Result expected [true] but found [false]
at org.testng.Assert.fail(Assert.java:99)
at org.testng.Assert.failNotEquals(Assert.java:1037)
at org.testng.Assert.assertTrue(Assert.java:45)
at com.mypages.base.verifyMessagePrompted(base.java:84)
at myTests.baseTestClass.InValidLogin(baseTestClass.java:89)
at java.base/jdk.internal.reflect.NativeMethodAccessorImpl.invoke0(Native Method)
at java.base/jdk.internal.reflect.NativeMethodAccessorImpl.invoke(NativeMethodAccessorImpl.java:62)
at java.base/jdk.internal.reflect.DelegatingMethodAccessorImpl.invoke(DelegatingMethodAccessorImpl.java:43)
at java.base/java.lang.reflect.Method.invoke(Method.java:566)
at org.testng.internal.MethodInvocationHelper.invokeMethod(MethodInvocationHelper.java:132)
at org.testng.internal.TestInvoker.invokeMethod(TestInvoker.java:599)
at org.testng.internal.TestInvoker.invokeTestMethod(TestInvoker.java:174)
at org.testng.internal.MethodRunner.runInSequence(MethodRunner.java:46)
at org.testng.internal.TestInvoker$MethodInvocationAgent.invoke(TestInvoker.java:822)
at org.testng.internal.TestInvoker.invokeTestMethods(TestInvoker.java:147)
at org.testng.internal.TestMethodWorker.invokeTestMethods(TestMethodWorker.java:146)
at org.testng.internal.TestMethodWorker.run(TestMethodWorker.java:128)
at java.base/java.util.ArrayList.forEach(ArrayList.java:1541)
at org.testng.TestRunner.privateRun(TestRunner.java:764)
at org.testng.TestRunner.run(TestRunner.java:585)
at org.testng.SuiteRunner.runTest(SuiteRunner.java:384)
at org.testng.SuiteRunner.runSequentially(SuiteRunner.java:378)
at org.testng.SuiteRunner.privateRun(SuiteRunner.java:337)
at org.testng.SuiteRunner.run(SuiteRunner.java:286)
at org.testng.SuiteRunnerWorker.runSuite(SuiteRunnerWorker.java:53)
at org.testng.SuiteRunnerWorker.run(SuiteRunnerWorker.java:96)
at org.testng.TestNG.runSuitesSequentially(TestNG.java:1218)
at org.testng.TestNG.runSuitesLocally(TestNG.java:1140)
at org.testng.TestNG.runSuites(TestNG.java:1069)
at org.testng.TestNG.run(TestNG.java:1037)
at org.testng.remote.AbstractRemoteTestNG.run(AbstractRemoteTestNG.java:115)
at org.testng.remote.RemoteTestNG.initAndRun(RemoteTestNG.java:251)
at org.testng.remote.RemoteTestNG.main(RemoteTestNG.java:77)
]]>
            </full-stacktrace>
          </exception> <!-- java.lang.AssertionError -->
          <reporter-output>
          </reporter-output>
        </test-method> <!-- InValidLogin -->
        <test-method is-config="true" signature="tearDown()[pri:0, instance:myTests.baseTestClass@5ef5c734]" started-at="2021-05-10T20:52:35 EDT" name="tearDown" finished-at="2021-05-10T20:52:35 EDT" duration-ms="673" status="PASS">
          <reporter-output>
          </reporter-output>
        </test-method> <!-- tearDown -->
        <test-method is-config="true" signature="sample()[pri:0, instance:myTests.baseTestClass@5ef5c734]" started-at="2021-05-10T20:52:35 EDT" name="sample" finished-at="2021-05-10T20:52:38 EDT" duration-ms="2728" status="PASS">
          <reporter-output>
          </reporter-output>
        </test-method> <!-- sample -->
        <test-method signature="ValidLogin(java.lang.String, java.lang.String, java.lang.String)[pri:0, instance:myTests.baseTestClass@5ef5c734]" started-at="2021-05-10T20:52:38 EDT" name="ValidLogin" data-provider="ValidLoginCredentialsWithKeyWordSearch" finished-at="2021-05-10T20:52:49 EDT" duration-ms="11295" status="PASS">
          <params>
            <param index="0">
              <value>
                <![CDATA[qecandidate]]>
              </value>
            </param>
            <param index="1">
              <value>
                <![CDATA[MUCT-air0tuss3sars]]>
              </value>
            </param>
            <param index="2">
              <value>
                <![CDATA[mabl]]>
              </value>
            </param>
          </params>
          <reporter-output>
          </reporter-output>
        </test-method> <!-- ValidLogin -->
        <test-method is-config="true" signature="tearDown()[pri:0, instance:myTests.baseTestClass@5ef5c734]" started-at="2021-05-10T20:52:49 EDT" name="tearDown" finished-at="2021-05-10T20:52:50 EDT" duration-ms="649" status="PASS">
          <reporter-output>
          </reporter-output>
        </test-method> <!-- tearDown -->
        <test-method is-config="true" signature="sample()[pri:0, instance:myTests.baseTestClass@5ef5c734]" started-at="2021-05-10T20:52:50 EDT" name="sample" finished-at="2021-05-10T20:52:53 EDT" duration-ms="2802" status="PASS">
          <reporter-output>
          </reporter-output>
        </test-method> <!-- sample -->
        <test-method signature="VerifyElementsPresentInLoginPage()[pri:0, instance:myTests.baseTestClass@5ef5c734]" started-at="2021-05-10T20:52:53 EDT" name="VerifyElementsPresentInLoginPage" finished-at="2021-05-10T20:52:53 EDT" duration-ms="353" status="PASS">
          <reporter-output>
          </reporter-output>
        </test-method> <!-- VerifyElementsPresentInLoginPage -->
        <test-method is-config="true" signature="tearDown()[pri:0, instance:myTests.baseTestClass@5ef5c734]" started-at="2021-05-10T20:52:53 EDT" name="tearDown" finished-at="2021-05-10T20:52:54 EDT" duration-ms="661" status="PASS">
          <reporter-output>
          </reporter-output>
        </test-method> <!-- tearDown -->
        <test-method is-config="true" signature="sample()[pri:0, instance:myTests.baseTestClass@5ef5c734]" started-at="2021-05-10T20:52:54 EDT" name="sample" finished-at="2021-05-10T20:52:57 EDT" duration-ms="2637" status="PASS">
          <reporter-output>
          </reporter-output>
        </test-method> <!-- sample -->
        <test-method signature="verifySearchResults(java.lang.String)[pri:0, instance:myTests.baseTestClass@5ef5c734]" started-at="2021-05-10T20:52:57 EDT" name="verifySearchResults" finished-at="2021-05-10T20:53:01 EDT" duration-ms="3835" status="PASS">
          <params>
            <param index="0">
              <value>
                <![CDATA[mabl]]>
              </value>
            </param>
          </params>
          <reporter-output>
          </reporter-output>
        </test-method> <!-- verifySearchResults -->
        <test-method is-config="true" signature="tearDown()[pri:0, instance:myTests.baseTestClass@5ef5c734]" started-at="2021-05-10T20:53:01 EDT" name="tearDown" finished-at="2021-05-10T20:53:01 EDT" duration-ms="648" status="PASS">
          <reporter-output>
          </reporter-output>
        </test-method> <!-- tearDown -->
      </class> <!-- myTests.baseTestClass -->
    </test> <!-- Test -->
  </suite> <!-- Suite -->
</testng-results>
